<?xml version="1.0" encoding="UTF-8"?>
<!-- Generated by org.testng.reporters.JUnitReportReporter -->
<testsuite skipped="0" hostname="Akashdeeps-MacBook-Pro.local" name="fitbitTests.FitbitTests" tests="1" failures="0" timestamp="14 Mar 2023 03:44:40 GMT" time="2.837" errors="0">
  <testcase name="SleepLog" time="2.837" classname="fitbitTests.FitbitTests"/>
</testsuite> <!-- fitbitTests.FitbitTests -->
