<?xml version="1.0" encoding="UTF-8"?>
<!-- Generated by org.testng.reporters.JUnitReportReporter -->
<testsuite skipped="0" hostname="Akashdeeps-MacBook-Pro.local" name="fitbitTests.FitbitTests" tests="1" failures="0" timestamp="20 Mar 2023 05:08:09 GMT" time="3.890" errors="0">
  <testcase name="createMeal" time="3.890" classname="fitbitTests.FitbitTests"/>
</testsuite> <!-- fitbitTests.FitbitTests -->
